[  1%] Building C object CMakeFiles/cli_parse_test.dir/tests/cli_parse_test.c.o
[  2%] Building C object CMakeFiles/cli_parse_test.dir/src/ui/theme.c.o
[  2%] Building C object CMakeFiles/retrodesk.dir/src/main.c.o
[  1%] Building C object CMakeFiles/clipboard_test.dir/src/core/clipboard.c.o
[  3%] Building C object CMakeFiles/key_chord_test.dir/src/core/utf8.c.o
[  4%] Building C object CMakeFiles/utf8_test.dir/src/core/utf8.c.o
[  5%] Building C object CMakeFiles/wm_event_replay_test.dir/tests/wm_event_replay_test.c.o
[  5%] Building C object CMakeFiles/theme_catalog_test.dir/tests/theme_catalog_test.c.o
[  5%] Building C object CMakeFiles/retrodesk.dir/src/ui/text_input.c.o
[  6%] Building C object CMakeFiles/clipboard_test.dir/src/core/utf8.c.o
[  6%] Building C object CMakeFiles/retrodesk.dir/src/render/ansi_renderer.c.o
[  7%] Building C object CMakeFiles/retrodesk.dir/src/wm/window_manager.c.o
[  7%] Building C object CMakeFiles/retrodesk.dir/src/app/app_runtime.c.o
[  8%] Building C object CMakeFiles/key_chord_test.dir/src/core/key_chord.c.o
[  9%] Building C object CMakeFiles/app_registry_test.dir/tests/app_registry_test.c.o
[ 10%] Building C object CMakeFiles/theme_catalog_test.dir/src/ui/theme.c.o
[ 11%] Building C object CMakeFiles/platform_features_test.dir/tests/platform_features_test.c.o
[  3%] Building C object CMakeFiles/key_chord_test.dir/tests/key_chord_test.c.o
[  3%] Building C object CMakeFiles/cli_parse_test.dir/src/core/cli.c.o
[  3%] Building C object CMakeFiles/retrodesk.dir/src/core/clipboard.c.o
[ 12%] Building C object CMakeFiles/retrodesk.dir/src/ui/statusbar.c.o
[  3%] Building C object CMakeFiles/retrodesk.dir/src/core/desktop.c.o
[  4%] Building C object CMakeFiles/wm_event_replay_test.dir/tests/wm_render_stub.c.o
[ 13%] Building C object CMakeFiles/retrodesk.dir/src/platform/tty_decoder.c.o
[ 14%] Building C object CMakeFiles/retrodesk.dir/src/ui/button.c.o
[ 15%] Building C object CMakeFiles/tty_decoder_test.dir/tests/tty_decoder_test.c.o
[ 16%] Building C object CMakeFiles/retrodesk.dir/src/ui/menu_bar.c.o
[ 17%] Building C object CMakeFiles/retrodesk.dir/src/ui/tab.c.o
[ 17%] Building C object CMakeFiles/retrodesk.dir/src/ui/progress_bar.c.o
[ 17%] Building C object CMakeFiles/retrodesk.dir/src/ui/dialog.c.o
[ 18%] Building C object CMakeFiles/retrodesk.dir/src/core/key_chord.c.o
[ 19%] Building C object CMakeFiles/retrodesk.dir/src/apps/apps.c.o
[ 19%] Building C object CMakeFiles/retrodesk.dir/src/apps/filemanager_app.c.o
[ 20%] Building C object CMakeFiles/retrodesk.dir/src/platform/platform.c.o
[ 20%] Building C object CMakeFiles/statusbar_drawlist_test.dir/tests/statusbar_drawlist_test.c.o
[ 21%] Building C object CMakeFiles/text_input_test.dir/tests/text_input_test.c.o
[ 22%] Building C object CMakeFiles/retrodesk.dir/src/platform/platform_tty_raw.c.o
[ 22%] Building C object CMakeFiles/ansi_renderer_diff_test.dir/tests/ansi_renderer_diff_test.c.o
[ 22%] Building C object CMakeFiles/statusbar_drawlist_test.dir/src/platform/tty_decoder.c.o
[ 22%] Building C object CMakeFiles/retrodesk.dir/src/ui/theme.c.o
[ 22%] Building C object CMakeFiles/draw_list_contract_test.dir/tests/draw_list_contract_test.c.o
[ 23%] Building C object CMakeFiles/retrodesk.dir/src/apps/notepad_app.c.o
[ 24%] Building C object CMakeFiles/dialog_test.dir/tests/dialog_test.c.o
[ 13%] Building C object CMakeFiles/retrodesk.dir/src/core/cli.c.o
[ 13%] Building C object CMakeFiles/retrodesk.dir/src/core/utf8.c.o
[ 13%] Building C object CMakeFiles/utf8_test.dir/tests/utf8_test.c.o
[ 13%] Building C object CMakeFiles/retrodesk.dir/src/platform/platform_curses.c.o
[ 25%] Building C object CMakeFiles/app_registry_test.dir/src/app/app_runtime.c.o
[ 26%] Building C object CMakeFiles/scroll_list_test.dir/src/platform/platform.c.o
[ 27%] Building C object CMakeFiles/statusbar_drawlist_test.dir/src/platform/platform.c.o
[ 22%] Building C object CMakeFiles/statusbar_drawlist_test.dir/src/platform/platform_curses.c.o
[ 22%] Building C object CMakeFiles/scroll_list_test.dir/src/ui/scroll_list.c.o
[ 22%] Building C object CMakeFiles/ansi_renderer_diff_test.dir/src/core/key_chord.c.o
[ 24%] Building C object CMakeFiles/ansi_renderer_diff_test.dir/src/platform/platform_curses.c.o
[ 29%] Building C object CMakeFiles/wm_event_replay_test.dir/src/wm/window_manager.c.o
[ 30%] Building C object CMakeFiles/progress_bar_test.dir/tests/progress_bar_test.c.o
[ 32%] Building C object CMakeFiles/text_buffer_test.dir/src/platform/platform_curses.c.o
[ 32%] Building C object CMakeFiles/button_test.dir/tests/button_test.c.o
[ 33%] Building C object CMakeFiles/dialog_test.dir/src/render/render.c.o
[ 37%] Building C object CMakeFiles/button_test.dir/src/core/key_chord.c.o
[ 37%] Building C object CMakeFiles/dialog_test.dir/src/platform/platform_curses.c.o
[ 37%] Building C object CMakeFiles/progress_bar_test.dir/src/platform/platform_curses.c.o
[ 37%] Building C object CMakeFiles/desktop_runtime_test.dir/src/apps/filemanager_app.c.o
[ 39%] Building C object CMakeFiles/tab_test.dir/src/core/utf8.c.o
[ 39%] Building C object CMakeFiles/text_buffer_test.dir/tests/text_buffer_test.c.o
[ 39%] Building C object CMakeFiles/tab_test.dir/src/platform/platform.c.o
[ 33%] Building C object CMakeFiles/dialog_test.dir/src/platform/tty_decoder.c.o
[ 54%] Building C object CMakeFiles/desktop_runtime_test.dir/src/apps/apps.c.o
[ 28%] Building C object CMakeFiles/text_buffer_test.dir/src/ui/text_input.c.o
[ 55%] Building C object CMakeFiles/desktop_runtime_test.dir/src/storage/retro_fs_posix.c.o
[ 37%] Building C object CMakeFiles/button_test.dir/src/render/render.c.o
[ 25%] Building C object CMakeFiles/retrodesk.dir/src/ui/text_buffer.c.o
[ 25%] Building C object CMakeFiles/wm_event_replay_test.dir/src/ui/theme.c.o
[ 25%] Building C object CMakeFiles/clipboard_test.dir/tests/clipboard_test.c.o
[ 36%] Building C object CMakeFiles/desktop_runtime_test.dir/src/core/utf8.c.o
[ 56%] Building C object CMakeFiles/statusbar_drawlist_test.dir/src/platform/platform_tty_raw.c.o
[ 37%] Building C object CMakeFiles/desktop_runtime_test.dir/src/app/app_runtime.c.o
[ 57%] Building C object CMakeFiles/menu_bar_test.dir/src/core/utf8.c.o
[ 31%] Building C object CMakeFiles/ansi_renderer_diff_test.dir/src/platform/tty_decoder.c.o
[ 34%] Building C object CMakeFiles/text_input_test.dir/src/render/ansi_renderer.c.o
[ 33%] Building C object CMakeFiles/progress_bar_test.dir/src/ui/progress_bar.c.o
[ 57%] Building C object CMakeFiles/desktop_runtime_test.dir/src/ui/text_buffer.c.o
[ 57%] Building C object CMakeFiles/tab_test.dir/src/platform/platform_tty_raw.c.o
[ 43%] Building C object CMakeFiles/desktop_runtime_test.dir/src/apps/notepad_app.c.o
[ 57%] Building C object CMakeFiles/tab_test.dir/src/render/render.c.o
[ 34%] Building C object CMakeFiles/desktop_runtime_test.dir/src/core/clipboard.c.o
[ 46%] Building C object CMakeFiles/menu_bar_test.dir/src/render/render.c.o
[ 58%] Building C object CMakeFiles/text_input_test.dir/src/core/key_chord.c.o
[ 59%] Building C object CMakeFiles/scroll_list_test.dir/tests/scroll_list_test.c.o
[ 59%] Building C object CMakeFiles/desktop_runtime_test.dir/src/wm/window_manager.c.o
[ 60%] Building C object CMakeFiles/statusbar_drawlist_test.dir/src/ui/statusbar.c.o
[ 61%] Building C object CMakeFiles/ansi_renderer_diff_test.dir/src/core/utf8.c.o
[ 62%] Building C object CMakeFiles/retrodesk.dir/src/storage/retro_fs_posix.c.o
[ 35%] Building C object CMakeFiles/desktop_runtime_test.dir/src/core/desktop.c.o
[ 62%] Building C object CMakeFiles/desktop_runtime_test.dir/src/ui/theme.c.o
[ 63%] Building C object CMakeFiles/scroll_list_test.dir/src/render/render.c.o
[ 37%] Building C object CMakeFiles/storage_test.dir/tests/storage_test.c.o
[ 64%] Building C object CMakeFiles/desktop_runtime_test.dir/src/ui/text_input.c.o
[ 65%] Building C object CMakeFiles/dialog_test.dir/src/core/key_chord.c.o
[ 66%] Building C object CMakeFiles/desktop_runtime_test.dir/src/ui/statusbar.c.o
[ 39%] Building C object CMakeFiles/menu_bar_test.dir/src/platform/platform.c.o
[ 40%] Building C object CMakeFiles/progress_bar_test.dir/src/render/render.c.o
[ 41%] Building C object CMakeFiles/menu_bar_test.dir/src/ui/menu_bar.c.o
[ 67%] Building C object CMakeFiles/text_input_test.dir/src/platform/platform_tty_raw.c.o
[ 68%] Building C object CMakeFiles/scroll_list_test.dir/src/core/key_chord.c.o
[ 42%] Building C object CMakeFiles/menu_bar_test.dir/src/platform/platform_curses.c.o
[ 44%] Building C object CMakeFiles/statusbar_drawlist_test.dir/src/core/key_chord.c.o
[ 69%] Building C object CMakeFiles/text_buffer_test.dir/src/platform/tty_decoder.c.o
[ 45%] Building C object CMakeFiles/menu_bar_test.dir/src/platform/tty_decoder.c.o
[ 46%] Building C object CMakeFiles/button_test.dir/src/platform/tty_decoder.c.o
[ 70%] Building C object CMakeFiles/scroll_list_test.dir/src/platform/platform_tty_raw.c.o
[ 47%] Building C object CMakeFiles/tab_test.dir/src/ui/tab.c.o
[ 71%] Building C object CMakeFiles/dialog_test.dir/src/ui/dialog.c.o
[ 47%] Building C object CMakeFiles/storage_test.dir/src/storage/retro_fs_posix.c.o
[ 72%] Building C object CMakeFiles/dialog_test.dir/src/platform/platform.c.o
[ 47%] Building C object CMakeFiles/menu_bar_test.dir/src/core/key_chord.c.o
[ 48%] Building C object CMakeFiles/tab_test.dir/src/platform/tty_decoder.c.o
[ 73%] Building C object CMakeFiles/text_input_test.dir/src/render/render.c.o
[ 48%] Building C object CMakeFiles/desktop_runtime_test.dir/src/apps/terminal_app.c.o
[ 37%] Building C object CMakeFiles/tab_test.dir/src/core/key_chord.c.o
[ 49%] Building C object CMakeFiles/button_test.dir/src/render/ansi_renderer.c.o
[ 74%] Building C object CMakeFiles/text_buffer_test.dir/src/render/ansi_renderer.c.o
[ 75%] Building C object CMakeFiles/ansi_renderer_diff_test.dir/src/render/ansi_renderer.c.o
[ 76%] Building C object CMakeFiles/statusbar_drawlist_test.dir/src/render/ansi_renderer.c.o
[ 50%] Building C object CMakeFiles/tab_test.dir/src/render/ansi_renderer.c.o
/home/runner/work/retrodesk/retrodesk/src/apps/notepad_app.c: In function ‘np_event’:
/home/runner/work/retrodesk/retrodesk/src/apps/notepad_app.c:588:27: error: null character(s) preserved in literal [-Werror]
  588 |         state->error[0] = ' ';
      |                           ^
[ 50%] Building C object CMakeFiles/progress_bar_test.dir/src/render/ansi_renderer.c.o
[ 50%] Building C object CMakeFiles/storage_test.dir/src/core/utf8.c.o
[ 51%] Building C object CMakeFiles/draw_list_contract_test.dir/src/core/key_chord.c.o
[ 52%] Building C object CMakeFiles/tab_test.dir/src/platform/platform_curses.c.o
[ 77%] Building C object CMakeFiles/dialog_test.dir/src/platform/platform_tty_raw.c.o
[ 34%] Building C object CMakeFiles/text_input_test.dir/src/platform/tty_decoder.c.o
[ 34%] Building C object CMakeFiles/dialog_test.dir/src/core/utf8.c.o
[ 34%] Building C object CMakeFiles/text_input_test.dir/src/core/utf8.c.o
[ 34%] Building C object CMakeFiles/text_input_test.dir/src/ui/text_input.c.o
[ 34%] Building C object CMakeFiles/draw_list_contract_test.dir/src/core/utf8.c.o
[ 34%] Building C object CMakeFiles/text_buffer_test.dir/src/render/render.c.o
[ 34%] Building C object CMakeFiles/ansi_renderer_diff_test.dir/src/platform/platform_tty_raw.c.o
[ 34%] Building C object CMakeFiles/ansi_renderer_diff_test.dir/src/render/render.c.o
[ 53%] Building C object CMakeFiles/menu_bar_test.dir/src/render/ansi_renderer.c.o
[ 34%] Building C object CMakeFiles/retrodesk.dir/src/apps/terminal_app.c.o
[ 34%] Building C object CMakeFiles/scroll_list_test.dir/src/platform/tty_decoder.c.o
[ 34%] Building C object CMakeFiles/tab_test.dir/tests/tab_test.c.o
[ 34%] Building C object CMakeFiles/dialog_test.dir/src/ui/button.c.o
[ 34%] Building C object CMakeFiles/text_buffer_test.dir/src/ui/text_buffer.c.o
[ 34%] Building C object CMakeFiles/draw_list_contract_test.dir/src/render/ansi_renderer.c.o
[ 34%] Building C object CMakeFiles/scroll_list_test.dir/src/platform/platform_curses.c.o
[ 34%] Building C object CMakeFiles/scroll_list_test.dir/src/core/utf8.c.o
[ 34%] Building C object CMakeFiles/text_buffer_test.dir/src/platform/platform.c.o
[ 34%] Building C object CMakeFiles/statusbar_drawlist_test.dir/src/render/render.c.o
[ 34%] Building C object CMakeFiles/text_buffer_test.dir/src/platform/platform_tty_raw.c.o
[ 34%] Building C object CMakeFiles/tty_decoder_test.dir/src/platform/tty_decoder.c.o
[ 34%] Building C object CMakeFiles/ansi_renderer_diff_test.dir/src/platform/platform.c.o
[ 34%] Building C object CMakeFiles/statusbar_drawlist_test.dir/src/core/utf8.c.o
[ 34%] Building C object CMakeFiles/retrodesk.dir/src/render/render.c.o
[ 78%] Building C object CMakeFiles/dialog_test.dir/src/render/ansi_renderer.c.o
[ 78%] Linking C executable platform_features_test
[ 79%] Building C object CMakeFiles/button_test.dir/src/ui/button.c.o
[ 79%] Linking C executable theme_catalog_test
[ 80%] Building C object CMakeFiles/text_input_test.dir/src/platform/platform.c.o
[ 81%] Building C object CMakeFiles/draw_list_contract_test.dir/src/platform/platform.c.o
[ 82%] Building C object CMakeFiles/desktop_runtime_test.dir/tests/desktop_runtime_test.c.o
[ 83%] Building C object CMakeFiles/progress_bar_test.dir/src/platform/platform_tty_raw.c.o
[ 84%] Building C object CMakeFiles/progress_bar_test.dir/src/core/key_chord.c.o
/home/runner/work/retrodesk/retrodesk/src/apps/notepad_app.c: In function ‘np_event’:
/home/runner/work/retrodesk/retrodesk/src/apps/notepad_app.c:588:27: error: null character(s) preserved in literal [-Werror]
  588 |         state->error[0] = ' ';
      |                           ^
[ 85%] Building C object CMakeFiles/button_test.dir/src/core/utf8.c.o
[ 86%] Building C object CMakeFiles/draw_list_contract_test.dir/src/platform/platform_tty_raw.c.o
[ 87%] Building C object CMakeFiles/draw_list_contract_test.dir/src/render/render.c.o
[ 88%] Building C object CMakeFiles/progress_bar_test.dir/src/platform/platform.c.o
[ 88%] Linking C executable cli_parse_test
[ 78%] Building C object CMakeFiles/scroll_list_test.dir/src/render/ansi_renderer.c.o
[ 89%] Building C object CMakeFiles/button_test.dir/src/platform/platform_curses.c.o
[ 78%] Building C object CMakeFiles/draw_list_contract_test.dir/src/platform/platform_curses.c.o
[ 78%] Building C object CMakeFiles/dialog_test.dir/src/ui/text_input.c.o
[ 78%] Building C object CMakeFiles/menu_bar_test.dir/tests/menu_bar_test.c.o
[ 78%] Building C object CMakeFiles/progress_bar_test.dir/src/platform/tty_decoder.c.o
[ 78%] Building C object CMakeFiles/button_test.dir/src/platform/platform.c.o
[ 78%] Building C object CMakeFiles/menu_bar_test.dir/src/platform/platform_tty_raw.c.o
[ 78%] Building C object CMakeFiles/text_input_test.dir/src/platform/platform_curses.c.o
[ 78%] Building C object CMakeFiles/button_test.dir/src/platform/platform_tty_raw.c.o
[ 78%] Building C object CMakeFiles/progress_bar_test.dir/src/core/utf8.c.o
[ 78%] Building C object CMakeFiles/text_buffer_test.dir/src/core/key_chord.c.o
[ 78%] Building C object CMakeFiles/draw_list_contract_test.dir/src/platform/tty_decoder.c.o
[ 78%] Building C object CMakeFiles/desktop_runtime_test.dir/tests/wm_render_stub.c.o
[ 78%] Building C object CMakeFiles/retrodesk.dir/src/ui/scroll_list.c.o
[ 89%] Building C object CMakeFiles/text_buffer_test.dir/src/core/utf8.c.o
[ 89%] Linking C executable clipboard_test
[ 89%] Linking C executable utf8_test
[ 91%] Linking C executable key_chord_test
[ 90%] Linking C executable app_registry_test
[ 91%] Built target platform_features_test
[ 91%] Built target theme_catalog_test
[ 91%] Built target cli_parse_test
[ 91%] Built target utf8_test
[ 91%] Built target clipboard_test
[ 92%] Linking C executable tty_decoder_test
[ 92%] Built target app_registry_test
cc1: all warnings being treated as errors
[ 92%] Built target key_chord_test
gmake[2]: *** [CMakeFiles/retrodesk.dir/build.make:443: CMakeFiles/retrodesk.dir/src/apps/notepad_app.c.o] Error 1
gmake[2]: *** Waiting for unfinished jobs....
[ 93%] Linking C executable storage_test
[ 94%] Linking C executable wm_event_replay_test
cc1: all warnings being treated as errors
[ 95%] Linking C executable dialog_test
[ 95%] Linking C executable tab_test
gmake[2]: *** [CMakeFiles/desktop_runtime_test.dir/build.make:191: CMakeFiles/desktop_runtime_test.dir/src/apps/notepad_app.c.o] Error 1
gmake[2]: *** Waiting for unfinished jobs....
[ 96%] Linking C executable progress_bar_test
[ 97%] Linking C executable scroll_list_test
[ 98%] Linking C executable text_input_test
[ 98%] Linking C executable menu_bar_test
[ 98%] Linking C executable button_test
[ 98%] Built target tty_decoder_test
[ 98%] Built target storage_test
[ 98%] Linking C executable ansi_renderer_diff_test
[ 98%] Linking C executable statusbar_drawlist_test
[ 99%] Linking C executable draw_list_contract_test
[ 99%] Built target progress_bar_test
[ 99%] Built target text_input_test
[ 99%] Linking C executable text_buffer_test
[ 99%] Built target wm_event_replay_test
[ 99%] Built target tab_test
[ 99%] Built target menu_bar_test
[ 99%] Built target button_test
[ 99%] Built target dialog_test
[ 99%] Built target scroll_list_test
[ 99%] Built target text_buffer_test
gmake[1]: *** [CMakeFiles/Makefile2:1782: CMakeFiles/desktop_runtime_test.dir/all] Error 2
gmake[1]: *** Waiting for unfinished jobs....
[ 99%] Built target ansi_renderer_diff_test
gmake[1]: *** [CMakeFiles/Makefile2:182: CMakeFiles/retrodesk.dir/all] Error 2
[ 99%] Built target statusbar_drawlist_test
[ 99%] Built target draw_list_contract_test
gmake: *** [Makefile:146: all] Error 2
